<?xml version="1.0" encoding="UTF-8"?>
<!-- Generated by org.testng.reporters.JUnitReportReporter -->
<testsuite hostname="LTB0228121-MAC.local" failures="0" tests="1" name="demoMaven.TestClass" time="3.038" errors="0" timestamp="2022-12-16T14:58:06 IST" skipped="0">
  <testcase classname="demoMaven.TestClass" name="openGoogle" time="3.038"/>
  <system-out/>
</testsuite> <!-- demoMaven.TestClass -->
